[2020-09-05 12:24:54,535][INFO] Loading model.
[2020-09-05 12:25:05,296][INFO] Building graph.
[2020-09-05 12:25:06,815][INFO] Setting configuration for optimization.
[2020-09-05 12:25:12,017][INFO] Loading target images and context images.
[2020-09-05 12:25:12,017][INFO] Start diffusion.
[2020-09-06 06:24:59,264][INFO] Loading model.
[2020-09-06 06:25:10,279][INFO] Building graph.
[2020-09-06 06:25:11,786][INFO] Setting configuration for optimization.
[2020-09-06 06:25:16,982][INFO] Loading target images and context images.
[2020-09-06 06:25:16,983][INFO] Start diffusion.
[2020-09-06 06:25:17,000][INFO] [[[47 34 25]
  [47 34 25]
  [46 34 24]
  ...
  [20 22 18]
  [20 22 18]
  [20 22 19]]

 [[47 34 25]
  [48 34 26]
  [48 34 26]
  ...
  [20 22 18]
  [20 22 18]
  [20 22 19]]

 [[47 34 25]
  [48 35 26]
  [48 35 26]
  ...
  [20 22 18]
  [20 22 18]
  [20 22 18]]

 ...

 [[28 29 26]
  [28 29 26]
  [28 29 26]
  ...
  [26 28 24]
  [24 26 23]
  [24 25 22]]

 [[28 29 26]
  [28 29 26]
  [28 29 26]
  ...
  [25 27 23]
  [24 26 23]
  [22 24 21]]

 [[28 29 26]
  [28 29 26]
  [28 29 26]
  ...
  [26 27 24]
  [24 26 23]
  [22 24 21]]].
[2020-09-06 06:25:17,009][INFO] [[[47 34 25]
  [47 34 25]
  [46 34 24]
  ...
  [20 22 18]
  [20 22 18]
  [20 22 19]]

 [[47 34 25]
  [48 34 26]
  [48 34 26]
  ...
  [20 22 18]
  [20 22 18]
  [20 22 19]]

 [[47 34 25]
  [48 35 26]
  [48 35 26]
  ...
  [20 22 18]
  [20 22 18]
  [20 22 18]]

 ...

 [[28 29 26]
  [28 29 26]
  [28 29 26]
  ...
  [26 28 24]
  [24 26 23]
  [24 25 22]]

 [[28 29 26]
  [28 29 26]
  [28 29 26]
  ...
  [25 27 23]
  [24 26 23]
  [22 24 21]]

 [[28 29 26]
  [28 29 26]
  [28 29 26]
  ...
  [26 27 24]
  [24 26 23]
  [22 24 21]]].
[2020-09-06 06:25:17,018][INFO] [[[47 34 25]
  [47 34 25]
  [46 34 24]
  ...
  [20 22 18]
  [20 22 18]
  [20 22 19]]

 [[47 34 25]
  [48 34 26]
  [48 34 26]
  ...
  [20 22 18]
  [20 22 18]
  [20 22 19]]

 [[47 34 25]
  [48 35 26]
  [48 35 26]
  ...
  [20 22 18]
  [20 22 18]
  [20 22 18]]

 ...

 [[28 29 26]
  [28 29 26]
  [28 29 26]
  ...
  [26 28 24]
  [24 26 23]
  [24 25 22]]

 [[28 29 26]
  [28 29 26]
  [28 29 26]
  ...
  [25 27 23]
  [24 26 23]
  [22 24 21]]

 [[28 29 26]
  [28 29 26]
  [28 29 26]
  ...
  [26 27 24]
  [24 26 23]
  [22 24 21]]].
[2020-09-06 06:25:17,026][INFO] [[[47 34 25]
  [47 34 25]
  [46 34 24]
  ...
  [20 22 18]
  [20 22 18]
  [20 22 19]]

 [[47 34 25]
  [48 34 26]
  [48 34 26]
  ...
  [20 22 18]
  [20 22 18]
  [20 22 19]]

 [[47 34 25]
  [48 35 26]
  [48 35 26]
  ...
  [20 22 18]
  [20 22 18]
  [20 22 18]]

 ...

 [[28 29 26]
  [28 29 26]
  [28 29 26]
  ...
  [26 28 24]
  [24 26 23]
  [24 25 22]]

 [[28 29 26]
  [28 29 26]
  [28 29 26]
  ...
  [25 27 23]
  [24 26 23]
  [22 24 21]]

 [[28 29 26]
  [28 29 26]
  [28 29 26]
  ...
  [26 27 24]
  [24 26 23]
  [22 24 21]]].
[2020-09-06 06:35:09,758][INFO] Loading model.
[2020-09-06 06:35:20,430][INFO] Building graph.
[2020-09-06 06:35:21,942][INFO] Setting configuration for optimization.
[2020-09-06 06:35:27,150][INFO] Loading target images and context images.
[2020-09-06 06:35:27,151][INFO] target_list : ['examples/000001.png', 'examples/000005.png', 'examples/000006.png'], num_targets : 3.
[2020-09-06 06:35:27,151][INFO] context_list : ['examples/000001.png', 'examples/000002.png', 'examples/000003.png', 'examples/000004.png', 'examples/000005.png', 'examples/000006.png', 'examples/000007.png', 'examples/000008.png', 'examples/000009.png', 'examples/000010.png', 'examples/000011.png'], num_contexts : 11.
[2020-09-06 06:35:27,151][INFO] Start diffusion.
[2020-09-06 06:35:27,162][INFO] context_image in Loading process : [[[47 34 25]
  [47 34 25]
  [46 34 24]
  ...
  [20 22 18]
  [20 22 18]
  [20 22 19]]

 [[47 34 25]
  [48 34 26]
  [48 34 26]
  ...
  [20 22 18]
  [20 22 18]
  [20 22 19]]

 [[47 34 25]
  [48 35 26]
  [48 35 26]
  ...
  [20 22 18]
  [20 22 18]
  [20 22 18]]

 ...

 [[28 29 26]
  [28 29 26]
  [28 29 26]
  ...
  [26 28 24]
  [24 26 23]
  [24 25 22]]

 [[28 29 26]
  [28 29 26]
  [28 29 26]
  ...
  [25 27 23]
  [24 26 23]
  [22 24 21]]

 [[28 29 26]
  [28 29 26]
  [28 29 26]
  ...
  [26 27 24]
  [24 26 23]
  [22 24 21]]].
[2020-09-06 06:35:27,164][INFO] target_image in Loading process : [[[47 34 25]
  [47 34 25]
  [46 34 24]
  ...
  [20 22 18]
  [20 22 18]
  [20 22 19]]

 [[47 34 25]
  [48 34 26]
  [48 34 26]
  ...
  [20 22 18]
  [20 22 18]
  [20 22 19]]

 [[47 34 25]
  [48 35 26]
  [48 35 26]
  ...
  [20 22 18]
  [20 22 18]
  [20 22 18]]

 ...

 [[28 29 26]
  [28 29 26]
  [28 29 26]
  ...
  [26 28 24]
  [24 26 23]
  [24 25 22]]

 [[28 29 26]
  [28 29 26]
  [28 29 26]
  ...
  [25 27 23]
  [24 26 23]
  [22 24 21]]

 [[28 29 26]
  [28 29 26]
  [28 29 26]
  ...
  [26 27 24]
  [24 26 23]
  [22 24 21]]].
[2020-09-06 06:35:27,169][INFO] context_image in Loading process : [[[42 40 54]
  [42 40 54]
  [42 40 54]
  ...
  [50 47 64]
  [50 47 64]
  [50 47 64]]

 [[44 42 56]
  [44 42 56]
  [44 42 56]
  ...
  [50 47 64]
  [50 47 64]
  [50 47 64]]

 [[46 43 60]
  [46 43 60]
  [46 43 60]
  ...
  [50 47 64]
  [50 47 64]
  [50 47 64]]

 ...

 [[55 50 70]
  [55 50 70]
  [55 50 70]
  ...
  [58 55 74]
  [58 55 74]
  [58 55 74]]

 [[55 50 70]
  [55 50 70]
  [55 50 70]
  ...
  [58 55 74]
  [58 55 74]
  [58 55 74]]

 [[55 50 70]
  [55 50 70]
  [55 50 70]
  ...
  [57 54 73]
  [57 54 73]
  [57 54 73]]].
[2020-09-06 06:35:27,172][INFO] target_image in Loading process : [[[47 34 25]
  [47 34 25]
  [46 34 24]
  ...
  [20 22 18]
  [20 22 18]
  [20 22 19]]

 [[47 34 25]
  [48 34 26]
  [48 34 26]
  ...
  [20 22 18]
  [20 22 18]
  [20 22 19]]

 [[47 34 25]
  [48 35 26]
  [48 35 26]
  ...
  [20 22 18]
  [20 22 18]
  [20 22 18]]

 ...

 [[28 29 26]
  [28 29 26]
  [28 29 26]
  ...
  [26 28 24]
  [24 26 23]
  [24 25 22]]

 [[28 29 26]
  [28 29 26]
  [28 29 26]
  ...
  [25 27 23]
  [24 26 23]
  [22 24 21]]

 [[28 29 26]
  [28 29 26]
  [28 29 26]
  ...
  [26 27 24]
  [24 26 23]
  [22 24 21]]].
[2020-09-06 06:35:27,177][INFO] context_image in Loading process : [[[130 122 112]
  [129 121 110]
  [128 120 108]
  ...
  [228 191 100]
  [228 191 100]
  [228 192 100]]

 [[125 117 107]
  [124 116 105]
  [122 114 103]
  ...
  [228 190 100]
  [228 190 100]
  [228 191 100]]

 [[118 110 100]
  [117 109  98]
  [116 108  97]
  ...
  [226 189  98]
  [226 189  98]
  [226 188  98]]

 ...

 [[234 232 235]
  [234 232 235]
  [234 232 234]
  ...
  [238 223 150]
  [239 222 148]
  [238 220 146]]

 [[234 232 235]
  [234 232 235]
  [234 232 235]
  ...
  [238 222 145]
  [239 220 144]
  [237 219 141]]

 [[234 232 234]
  [234 232 234]
  [234 232 234]
  ...
  [237 220 141]
  [238 218 141]
  [237 216 138]]].
[2020-09-06 06:35:27,180][INFO] target_image in Loading process : [[[47 34 25]
  [47 34 25]
  [46 34 24]
  ...
  [20 22 18]
  [20 22 18]
  [20 22 19]]

 [[47 34 25]
  [48 34 26]
  [48 34 26]
  ...
  [20 22 18]
  [20 22 18]
  [20 22 19]]

 [[47 34 25]
  [48 35 26]
  [48 35 26]
  ...
  [20 22 18]
  [20 22 18]
  [20 22 18]]

 ...

 [[28 29 26]
  [28 29 26]
  [28 29 26]
  ...
  [26 28 24]
  [24 26 23]
  [24 25 22]]

 [[28 29 26]
  [28 29 26]
  [28 29 26]
  ...
  [25 27 23]
  [24 26 23]
  [22 24 21]]

 [[28 29 26]
  [28 29 26]
  [28 29 26]
  ...
  [26 27 24]
  [24 26 23]
  [22 24 21]]].
[2020-09-06 06:35:27,185][INFO] context_image in Loading process : [[[ 0  0  0]
  [ 0  0  0]
  [ 0  0  0]
  ...
  [ 0  0  0]
  [ 0  0  0]
  [ 0  0  0]]

 [[ 0  0  0]
  [ 0  0  0]
  [ 0  0  0]
  ...
  [ 0  0  0]
  [ 0  0  0]
  [ 0  0  0]]

 [[ 0  0  0]
  [ 0  0  0]
  [ 0  0  0]
  ...
  [ 0  0  0]
  [ 0  0  0]
  [ 0  0  0]]

 ...

 [[ 0  0  0]
  [ 0  0  0]
  [ 0  0  0]
  ...
  [87 52 30]
  [89 54 31]
  [90 56 31]]

 [[ 0  0  0]
  [ 0  0  0]
  [ 0  0  0]
  ...
  [87 52 30]
  [89 54 31]
  [89 55 30]]

 [[ 0  0  0]
  [ 0  0  0]
  [ 0  0  0]
  ...
  [88 53 31]
  [89 54 31]
  [90 56 30]]].
[2020-09-06 06:35:27,188][INFO] target_image in Loading process : [[[47 34 25]
  [47 34 25]
  [46 34 24]
  ...
  [20 22 18]
  [20 22 18]
  [20 22 19]]

 [[47 34 25]
  [48 34 26]
  [48 34 26]
  ...
  [20 22 18]
  [20 22 18]
  [20 22 19]]

 [[47 34 25]
  [48 35 26]
  [48 35 26]
  ...
  [20 22 18]
  [20 22 18]
  [20 22 18]]

 ...

 [[28 29 26]
  [28 29 26]
  [28 29 26]
  ...
  [26 28 24]
  [24 26 23]
  [24 25 22]]

 [[28 29 26]
  [28 29 26]
  [28 29 26]
  ...
  [25 27 23]
  [24 26 23]
  [22 24 21]]

 [[28 29 26]
  [28 29 26]
  [28 29 26]
  ...
  [26 27 24]
  [24 26 23]
  [22 24 21]]].
